<?xml version="1.0" encoding="UTF-8"?>
<testng-results total="1" passed="1" failed="0" skipped="0">
  <reporter-output>
  </reporter-output>
  <suite started-at="2021-08-17T07:49:59Z" name="Default suite" finished-at="2021-08-17T07:50:12Z" duration-ms="12915">
    <groups>
    </groups>
    <test started-at="2021-08-17T07:49:59Z" name="Default test" finished-at="2021-08-17T07:50:12Z" duration-ms="12915">
      <class name="Academy.ValidateTitle">
        <test-method is-config="true" signature="initialize()[pri:0, instance:Academy.ValidateTitle@1b9ea3e3]" started-at="2021-08-17T09:49:59Z" name="initialize" finished-at="2021-08-17T09:50:11Z" duration-ms="12818" status="PASS">
          <reporter-output>
          </reporter-output>
        </test-method> <!-- initialize -->
        <test-method signature="validateHeader()[pri:0, instance:Academy.ValidateTitle@1b9ea3e3]" started-at="2021-08-17T09:50:11Z" name="validateHeader" finished-at="2021-08-17T09:50:11Z" duration-ms="41" status="PASS">
          <reporter-output>
          </reporter-output>
        </test-method> <!-- validateHeader -->
        <test-method is-config="true" signature="tearDown()[pri:0, instance:Academy.ValidateTitle@1b9ea3e3]" started-at="2021-08-17T09:50:12Z" name="tearDown" finished-at="2021-08-17T09:50:12Z" duration-ms="46" status="PASS">
          <reporter-output>
          </reporter-output>
        </test-method> <!-- tearDown -->
      </class> <!-- Academy.ValidateTitle -->
    </test> <!-- Default test -->
  </suite> <!-- Default suite -->
</testng-results>
